0 info it worked if it ends with ok
1 verbose cli [ '/usr/local/bin/node',
1 verbose cli   '/usr/local/bin/npm',
1 verbose cli   'update',
1 verbose cli   '-g',
1 verbose cli   'yeoman' ]
2 info using npm@1.1.66
3 info using node@v0.8.15
4 verbose read json /usr/local/lib/package.json
5 verbose read json /usr/local/lib/node_modules/less/package.json
6 verbose read json /usr/local/lib/node_modules/jasmine-node/package.json
7 verbose read json /usr/local/lib/node_modules/npm/package.json
8 verbose read json /usr/local/lib/node_modules/grunt-compass/package.json
9 verbose read json /usr/local/lib/node_modules/grunt/package.json
10 verbose read json /usr/local/lib/node_modules/yeoman/package.json
11 verbose read json /usr/local/lib/node_modules/bem/package.json
12 verbose read json /usr/local/lib/node_modules/coffee-script/package.json
13 verbose read json /usr/local/lib/node_modules/supervisor/package.json
14 verbose read json /usr/local/lib/node_modules/handlebars/package.json
15 verbose read json /usr/local/lib/node_modules/ometajs/package.json
16 verbose read json /usr/local/lib/node_modules/sass/package.json
17 verbose read json /usr/local/lib/node_modules/xjst/package.json
18 verbose cache add [ 'yeoman', '*' ]
19 silly cache add name="yeoman" spec="*" args=["yeoman","*"]
20 verbose parsed url { pathname: '*', path: '*', href: '*' }
21 verbose addNamed [ 'yeoman', '*' ]
22 verbose addNamed [ null, '' ]
23 verbose from cache /usr/local/lib/node_modules/supervisor/package.json
24 verbose from cache /usr/local/lib/node_modules/jasmine-node/package.json
25 verbose from cache /usr/local/lib/node_modules/grunt-compass/package.json
26 verbose from cache /usr/local/lib/node_modules/less/package.json
27 verbose from cache /usr/local/lib/node_modules/grunt/package.json
28 verbose from cache /usr/local/lib/node_modules/bem/package.json
29 verbose from cache /usr/local/lib/node_modules/npm/package.json
30 verbose from cache /usr/local/lib/node_modules/ometajs/package.json
31 verbose from cache /usr/local/lib/node_modules/coffee-script/package.json
32 verbose from cache /usr/local/lib/node_modules/sass/package.json
33 verbose from cache /usr/local/lib/node_modules/handlebars/package.json
34 verbose from cache /usr/local/lib/node_modules/xjst/package.json
35 verbose read json /usr/local/lib/node_modules/jasmine-node/node_modules/underscore/package.json
36 verbose read json /usr/local/lib/node_modules/jasmine-node/node_modules/coffee-script/package.json
37 verbose read json /usr/local/lib/node_modules/jasmine-node/node_modules/walkdir/package.json
38 verbose read json /usr/local/lib/node_modules/jasmine-node/node_modules/jasmine-reporters/package.json
39 verbose read json /usr/local/lib/node_modules/jasmine-node/node_modules/.bin/package.json
40 verbose read json /usr/local/lib/node_modules/jasmine-node/node_modules/requirejs/package.json
41 verbose read json /usr/local/lib/node_modules/bem/node_modules/qq/package.json
42 verbose read json /usr/local/lib/node_modules/bem/node_modules/coa/package.json
43 verbose read json /usr/local/lib/node_modules/bem/node_modules/.bin/package.json
44 verbose read json /usr/local/lib/node_modules/bem/node_modules/inherit/package.json
45 verbose read json /usr/local/lib/node_modules/bem/node_modules/borschik/package.json
46 verbose read json /usr/local/lib/node_modules/bem/node_modules/q-wrap/package.json
47 verbose read json /usr/local/lib/node_modules/bem/node_modules/q/package.json
48 verbose read json /usr/local/lib/node_modules/grunt-compass/node_modules/grunt/package.json
49 verbose read json /usr/local/lib/node_modules/grunt-compass/node_modules/.bin/package.json
50 verbose read json /usr/local/lib/node_modules/handlebars/node_modules/uglify-js/package.json
51 verbose read json /usr/local/lib/node_modules/handlebars/node_modules/.bin/package.json
52 verbose read json /usr/local/lib/node_modules/handlebars/node_modules/optimist/package.json
53 verbose read json /usr/local/lib/node_modules/npm/node_modules/proto-list/package.json
54 verbose read json /usr/local/lib/node_modules/npm/node_modules/chownr/package.json
55 verbose read json /usr/local/lib/node_modules/npm/node_modules/uid-number/package.json
56 verbose read json /usr/local/lib/node_modules/npm/node_modules/rimraf/package.json
57 verbose read json /usr/local/lib/node_modules/npm/node_modules/init-package-json/package.json
58 verbose read json /usr/local/lib/node_modules/npm/node_modules/node-gyp/package.json
59 verbose read json /usr/local/lib/node_modules/npm/node_modules/archy/package.json
60 verbose read json /usr/local/lib/node_modules/npm/node_modules/block-stream/package.json
61 verbose read json /usr/local/lib/node_modules/npm/node_modules/retry/package.json
62 verbose read json /usr/local/lib/node_modules/npm/node_modules/graceful-fs/package.json
63 verbose read json /usr/local/lib/node_modules/npm/node_modules/ini/package.json
64 verbose read json /usr/local/lib/node_modules/npm/node_modules/semver/package.json
65 verbose read json /usr/local/lib/node_modules/npm/node_modules/.bin/package.json
66 verbose read json /usr/local/lib/node_modules/npm/node_modules/read-package-json/package.json
67 verbose read json /usr/local/lib/node_modules/npm/node_modules/which/package.json
68 verbose read json /usr/local/lib/node_modules/npm/node_modules/abbrev/package.json
69 verbose read json /usr/local/lib/node_modules/npm/node_modules/lru-cache/package.json
70 verbose read json /usr/local/lib/node_modules/npm/node_modules/tar/package.json
71 verbose read json /usr/local/lib/node_modules/npm/node_modules/ansi/package.json
72 verbose read json /usr/local/lib/node_modules/npm/node_modules/once/package.json
73 verbose read json /usr/local/lib/node_modules/npm/node_modules/mkdirp/package.json
74 verbose read json /usr/local/lib/node_modules/npm/node_modules/minimatch/package.json
75 verbose read json /usr/local/lib/node_modules/npm/node_modules/inherits/package.json
76 verbose read json /usr/local/lib/node_modules/npm/node_modules/node-uuid/package.json
77 verbose read json /usr/local/lib/node_modules/npm/node_modules/npmlog/package.json
78 verbose read json /usr/local/lib/node_modules/npm/node_modules/fstream-npm/package.json
79 verbose read json /usr/local/lib/node_modules/npm/node_modules/couch-login/package.json
80 verbose read json /usr/local/lib/node_modules/npm/node_modules/lockfile/package.json
81 verbose read json /usr/local/lib/node_modules/npm/node_modules/glob/package.json
82 verbose read json /usr/local/lib/node_modules/npm/node_modules/fstream/package.json
83 verbose read json /usr/local/lib/node_modules/npm/node_modules/slide/package.json
84 verbose read json /usr/local/lib/node_modules/npm/node_modules/npmconf/package.json
85 verbose read json /usr/local/lib/node_modules/npm/node_modules/read/package.json
86 verbose read json /usr/local/lib/node_modules/npm/node_modules/read-installed/package.json
87 verbose read json /usr/local/lib/node_modules/npm/node_modules/opener/package.json
88 verbose read json /usr/local/lib/node_modules/npm/node_modules/osenv/package.json
89 verbose read json /usr/local/lib/node_modules/npm/node_modules/request/package.json
90 verbose read json /usr/local/lib/node_modules/npm/node_modules/npm-registry-client/package.json
91 verbose read json /usr/local/lib/node_modules/npm/node_modules/nopt/package.json
92 silly lockFile fd94f358-yeoman yeoman@*
93 verbose lock yeoman@* /home/beam/.npm/fd94f358-yeoman.lock
94 verbose read json /usr/local/lib/node_modules/ometajs/node_modules/uglify-js/package.json
95 verbose read json /usr/local/lib/node_modules/ometajs/node_modules/coa/package.json
96 verbose read json /usr/local/lib/node_modules/ometajs/node_modules/.bin/package.json
97 verbose read json /usr/local/lib/node_modules/ometajs/node_modules/q/package.json
98 verbose read json /usr/local/lib/node_modules/grunt/node_modules/uglify-js/package.json
99 verbose read json /usr/local/lib/node_modules/grunt/node_modules/underscore/package.json
100 verbose read json /usr/local/lib/node_modules/grunt/node_modules/dateformat/package.json
101 verbose read json /usr/local/lib/node_modules/grunt/node_modules/gzip-js/package.json
102 verbose read json /usr/local/lib/node_modules/grunt/node_modules/semver/package.json
103 verbose read json /usr/local/lib/node_modules/grunt/node_modules/.bin/package.json
104 verbose read json /usr/local/lib/node_modules/grunt/node_modules/colors/package.json
105 verbose read json /usr/local/lib/node_modules/grunt/node_modules/prompt/package.json
106 verbose read json /usr/local/lib/node_modules/grunt/node_modules/connect/package.json
107 verbose read json /usr/local/lib/node_modules/grunt/node_modules/temporary/package.json
108 verbose read json /usr/local/lib/node_modules/grunt/node_modules/jshint/package.json
109 verbose read json /usr/local/lib/node_modules/grunt/node_modules/nodeunit/package.json
110 verbose read json /usr/local/lib/node_modules/grunt/node_modules/hooker/package.json
111 verbose read json /usr/local/lib/node_modules/grunt/node_modules/glob-whatev/package.json
112 verbose read json /usr/local/lib/node_modules/grunt/node_modules/underscore.string/package.json
113 verbose read json /usr/local/lib/node_modules/grunt/node_modules/nopt/package.json
114 verbose read json /usr/local/lib/node_modules/grunt/node_modules/async/package.json
115 verbose read json /usr/local/lib/node_modules/xjst/node_modules/uglify-js/package.json
116 verbose read json /usr/local/lib/node_modules/xjst/node_modules/coa/package.json
117 verbose read json /usr/local/lib/node_modules/xjst/node_modules/.bin/package.json
118 verbose read json /usr/local/lib/node_modules/xjst/node_modules/q/package.json
119 silly addNameRange { name: 'yeoman', range: '', hasData: false }
120 warn package.json requirejs@2.0.2 No README.md file found!
121 warn package.json connect@2.3.8 No README.md file found!
122 verbose url raw yeoman
123 verbose url resolving [ 'https://registry.npmjs.org/', './yeoman' ]
124 verbose url resolved https://registry.npmjs.org/yeoman
125 info trying registry request attempt 1 at 16:38:41
126 verbose etag "2V3KNVESJEHKZNYAR1EG6GCC3"
127 http GET https://registry.npmjs.org/yeoman
128 verbose from cache /usr/local/lib/node_modules/jasmine-node/node_modules/coffee-script/package.json
129 verbose from cache /usr/local/lib/node_modules/jasmine-node/node_modules/jasmine-reporters/package.json
130 verbose from cache /usr/local/lib/node_modules/jasmine-node/node_modules/requirejs/package.json
131 verbose from cache /usr/local/lib/node_modules/jasmine-node/node_modules/walkdir/package.json
132 verbose from cache /usr/local/lib/node_modules/jasmine-node/node_modules/underscore/package.json
133 verbose from cache /usr/local/lib/node_modules/grunt-compass/node_modules/grunt/package.json
134 verbose from cache /usr/local/lib/node_modules/bem/node_modules/coa/package.json
135 verbose from cache /usr/local/lib/node_modules/bem/node_modules/q/package.json
136 verbose from cache /usr/local/lib/node_modules/bem/node_modules/qq/package.json
137 verbose from cache /usr/local/lib/node_modules/bem/node_modules/q-wrap/package.json
138 verbose from cache /usr/local/lib/node_modules/bem/node_modules/inherit/package.json
139 verbose from cache /usr/local/lib/node_modules/bem/node_modules/borschik/package.json
140 verbose from cache /usr/local/lib/node_modules/handlebars/node_modules/optimist/package.json
141 verbose from cache /usr/local/lib/node_modules/handlebars/node_modules/uglify-js/package.json
142 verbose from cache /usr/local/lib/node_modules/npm/node_modules/semver/package.json
143 verbose from cache /usr/local/lib/node_modules/npm/node_modules/ini/package.json
144 verbose from cache /usr/local/lib/node_modules/npm/node_modules/slide/package.json
145 verbose from cache /usr/local/lib/node_modules/npm/node_modules/abbrev/package.json
146 verbose from cache /usr/local/lib/node_modules/npm/node_modules/graceful-fs/package.json
147 verbose from cache /usr/local/lib/node_modules/npm/node_modules/minimatch/package.json
148 verbose from cache /usr/local/lib/node_modules/npm/node_modules/nopt/package.json
149 verbose from cache /usr/local/lib/node_modules/npm/node_modules/rimraf/package.json
150 verbose from cache /usr/local/lib/node_modules/npm/node_modules/request/package.json
151 verbose from cache /usr/local/lib/node_modules/npm/node_modules/which/package.json
152 verbose from cache /usr/local/lib/node_modules/npm/node_modules/tar/package.json
153 verbose from cache /usr/local/lib/node_modules/npm/node_modules/fstream/package.json
154 verbose from cache /usr/local/lib/node_modules/npm/node_modules/block-stream/package.json
155 verbose from cache /usr/local/lib/node_modules/npm/node_modules/inherits/package.json
156 verbose from cache /usr/local/lib/node_modules/npm/node_modules/mkdirp/package.json
157 verbose from cache /usr/local/lib/node_modules/npm/node_modules/read/package.json
158 verbose from cache /usr/local/lib/node_modules/npm/node_modules/lru-cache/package.json
159 verbose from cache /usr/local/lib/node_modules/npm/node_modules/node-gyp/package.json
160 verbose from cache /usr/local/lib/node_modules/npm/node_modules/fstream-npm/package.json
161 verbose from cache /usr/local/lib/node_modules/npm/node_modules/uid-number/package.json
162 verbose from cache /usr/local/lib/node_modules/npm/node_modules/archy/package.json
163 verbose from cache /usr/local/lib/node_modules/npm/node_modules/chownr/package.json
164 verbose from cache /usr/local/lib/node_modules/npm/node_modules/npmlog/package.json
165 verbose from cache /usr/local/lib/node_modules/npm/node_modules/ansi/package.json
166 verbose from cache /usr/local/lib/node_modules/npm/node_modules/npm-registry-client/package.json
167 verbose from cache /usr/local/lib/node_modules/npm/node_modules/read-package-json/package.json
168 verbose from cache /usr/local/lib/node_modules/npm/node_modules/read-installed/package.json
169 verbose from cache /usr/local/lib/node_modules/npm/node_modules/glob/package.json
170 verbose from cache /usr/local/lib/node_modules/npm/node_modules/init-package-json/package.json
171 verbose from cache /usr/local/lib/node_modules/npm/node_modules/osenv/package.json
172 verbose from cache /usr/local/lib/node_modules/npm/node_modules/lockfile/package.json
173 verbose from cache /usr/local/lib/node_modules/npm/node_modules/retry/package.json
174 verbose from cache /usr/local/lib/node_modules/npm/node_modules/once/package.json
175 verbose from cache /usr/local/lib/node_modules/npm/node_modules/npmconf/package.json
176 verbose from cache /usr/local/lib/node_modules/npm/node_modules/opener/package.json
177 verbose from cache /usr/local/lib/node_modules/ometajs/node_modules/coa/package.json
178 verbose from cache /usr/local/lib/node_modules/ometajs/node_modules/q/package.json
179 verbose from cache /usr/local/lib/node_modules/ometajs/node_modules/uglify-js/package.json
180 verbose read json /usr/local/lib/node_modules/grunt-compass/node_modules/grunt/node_modules/uglify-js/package.json
181 verbose read json /usr/local/lib/node_modules/grunt-compass/node_modules/grunt/node_modules/underscore/package.json
182 verbose read json /usr/local/lib/node_modules/grunt-compass/node_modules/grunt/node_modules/dateformat/package.json
183 verbose read json /usr/local/lib/node_modules/grunt-compass/node_modules/grunt/node_modules/gzip-js/package.json
184 verbose read json /usr/local/lib/node_modules/grunt-compass/node_modules/grunt/node_modules/semver/package.json
185 verbose read json /usr/local/lib/node_modules/grunt-compass/node_modules/grunt/node_modules/.bin/package.json
186 verbose read json /usr/local/lib/node_modules/grunt-compass/node_modules/grunt/node_modules/colors/package.json
187 verbose read json /usr/local/lib/node_modules/grunt-compass/node_modules/grunt/node_modules/prompt/package.json
188 verbose read json /usr/local/lib/node_modules/grunt-compass/node_modules/grunt/node_modules/connect/package.json
189 verbose read json /usr/local/lib/node_modules/grunt-compass/node_modules/grunt/node_modules/temporary/package.json
190 verbose read json /usr/local/lib/node_modules/grunt-compass/node_modules/grunt/node_modules/jshint/package.json
191 verbose read json /usr/local/lib/node_modules/grunt-compass/node_modules/grunt/node_modules/nodeunit/package.json
192 verbose read json /usr/local/lib/node_modules/grunt-compass/node_modules/grunt/node_modules/hooker/package.json
193 verbose read json /usr/local/lib/node_modules/grunt-compass/node_modules/grunt/node_modules/glob-whatev/package.json
194 verbose read json /usr/local/lib/node_modules/grunt-compass/node_modules/grunt/node_modules/underscore.string/package.json
195 verbose read json /usr/local/lib/node_modules/grunt-compass/node_modules/grunt/node_modules/nopt/package.json
196 verbose read json /usr/local/lib/node_modules/grunt-compass/node_modules/grunt/node_modules/async/package.json
197 verbose read json /usr/local/lib/node_modules/bem/node_modules/coa/node_modules/q/package.json
198 verbose read json /usr/local/lib/node_modules/bem/node_modules/qq/node_modules/q/package.json
199 verbose read json /usr/local/lib/node_modules/bem/node_modules/q-wrap/node_modules/q/package.json
200 verbose read json /usr/local/lib/node_modules/bem/node_modules/borschik/node_modules/cssp/package.json
201 verbose read json /usr/local/lib/node_modules/bem/node_modules/borschik/node_modules/.bin/package.json
202 verbose read json /usr/local/lib/node_modules/npm/node_modules/minimatch/node_modules/lru-cache/package.json
203 verbose read json /usr/local/lib/node_modules/npm/node_modules/nopt/node_modules/abbrev/package.json
204 verbose read json /usr/local/lib/node_modules/npm/node_modules/rimraf/node_modules/graceful-fs/package.json
205 verbose read json /usr/local/lib/node_modules/npm/node_modules/tar/node_modules/inherits/package.json
206 verbose read json /usr/local/lib/node_modules/npm/node_modules/tar/node_modules/block-stream/package.json
207 verbose read json /usr/local/lib/node_modules/npm/node_modules/tar/node_modules/fstream/package.json
208 verbose read json /usr/local/lib/node_modules/npm/node_modules/fstream/node_modules/rimraf/package.json
209 verbose read json /usr/local/lib/node_modules/npm/node_modules/fstream/node_modules/mkdirp/package.json
210 verbose read json /usr/local/lib/node_modules/npm/node_modules/fstream/node_modules/graceful-fs/package.json
211 verbose read json /usr/local/lib/node_modules/npm/node_modules/fstream/node_modules/inherits/package.json
212 verbose read json /usr/local/lib/node_modules/npm/node_modules/block-stream/node_modules/inherits/package.json
213 verbose read json /usr/local/lib/node_modules/bem/node_modules/q/node_modules/event-queue/package.json
214 verbose read json /usr/local/lib/node_modules/npm/node_modules/node-gyp/node_modules/ansi/package.json
215 verbose read json /usr/local/lib/node_modules/npm/node_modules/node-gyp/node_modules/glob/package.json
216 verbose read json /usr/local/lib/node_modules/npm/node_modules/fstream-npm/node_modules/fstream-ignore/package.json
217 verbose read json /usr/local/lib/node_modules/npm/node_modules/npmlog/node_modules/ansi/package.json
218 verbose read json /usr/local/lib/node_modules/npm/node_modules/npm-registry-client/node_modules/couch-login/package.json
219 verbose read json /usr/local/lib/node_modules/npm/node_modules/read-package-json/node_modules/glob/package.json
220 verbose read json /usr/local/lib/node_modules/npm/node_modules/read-package-json/node_modules/lru-cache/package.json
221 verbose read json /usr/local/lib/node_modules/npm/node_modules/read-package-json/node_modules/semver/package.json
222 verbose read json /usr/local/lib/node_modules/npm/node_modules/read-package-json/node_modules/slide/package.json
223 verbose read json /usr/local/lib/node_modules/npm/node_modules/read-package-json/node_modules/npmlog/package.json
224 verbose read json /usr/local/lib/node_modules/npm/node_modules/read-package-json/node_modules/graceful-fs/package.json
225 verbose read json /usr/local/lib/node_modules/npm/node_modules/read-installed/node_modules/semver/package.json
226 verbose read json /usr/local/lib/node_modules/npm/node_modules/read-installed/node_modules/slide/package.json
227 verbose read json /usr/local/lib/node_modules/npm/node_modules/read-installed/node_modules/read-package-json/package.json
228 verbose read json /usr/local/lib/node_modules/npm/node_modules/read-installed/node_modules/graceful-fs/package.json
229 verbose read json /usr/local/lib/node_modules/npm/node_modules/read-installed/node_modules/npmlog/package.json
230 verbose read json /usr/local/lib/node_modules/npm/node_modules/glob/node_modules/minimatch/package.json
231 verbose read json /usr/local/lib/node_modules/npm/node_modules/glob/node_modules/graceful-fs/package.json
232 verbose read json /usr/local/lib/node_modules/npm/node_modules/glob/node_modules/inherits/package.json
233 verbose read json /usr/local/lib/node_modules/handlebars/node_modules/optimist/node_modules/wordwrap/package.json
234 verbose read json /usr/local/lib/node_modules/npm/node_modules/npmconf/node_modules/config-chain/package.json
235 verbose read json /usr/local/lib/node_modules/ometajs/node_modules/coa/node_modules/q/package.json
236 verbose read json /usr/local/lib/node_modules/npm/node_modules/read/node_modules/mute-stream/package.json
237 verbose from cache /usr/local/lib/node_modules/grunt/node_modules/async/package.json
238 verbose from cache /usr/local/lib/node_modules/grunt/node_modules/colors/package.json
239 verbose from cache /usr/local/lib/node_modules/grunt/node_modules/connect/package.json
240 verbose from cache /usr/local/lib/node_modules/grunt/node_modules/dateformat/package.json
241 verbose from cache /usr/local/lib/node_modules/grunt/node_modules/glob-whatev/package.json
242 verbose from cache /usr/local/lib/node_modules/grunt/node_modules/hooker/package.json
243 verbose from cache /usr/local/lib/node_modules/grunt/node_modules/jshint/package.json
244 verbose from cache /usr/local/lib/node_modules/grunt/node_modules/nodeunit/package.json
245 verbose from cache /usr/local/lib/node_modules/grunt/node_modules/nopt/package.json
246 verbose from cache /usr/local/lib/node_modules/grunt/node_modules/prompt/package.json
247 verbose from cache /usr/local/lib/node_modules/grunt/node_modules/semver/package.json
248 verbose from cache /usr/local/lib/node_modules/grunt/node_modules/uglify-js/package.json
249 verbose from cache /usr/local/lib/node_modules/grunt/node_modules/underscore/package.json
250 verbose from cache /usr/local/lib/node_modules/grunt/node_modules/underscore.string/package.json
251 verbose from cache /usr/local/lib/node_modules/grunt/node_modules/temporary/package.json
252 verbose from cache /usr/local/lib/node_modules/grunt/node_modules/gzip-js/package.json
253 verbose read json /usr/local/lib/node_modules/npm/node_modules/init-package-json/node_modules/promzard/package.json
254 verbose read json /usr/local/lib/node_modules/ometajs/node_modules/q/node_modules/event-queue/package.json
255 verbose from cache /usr/local/lib/node_modules/xjst/node_modules/coa/package.json
256 verbose read json /usr/local/lib/node_modules/xjst/node_modules/ometajs/package.json
257 verbose from cache /usr/local/lib/node_modules/xjst/node_modules/q/package.json
258 verbose from cache /usr/local/lib/node_modules/xjst/node_modules/uglify-js/package.json
259 verbose read json /usr/local/lib/node_modules/grunt/node_modules/connect/node_modules/debug/package.json
260 verbose read json /usr/local/lib/node_modules/grunt/node_modules/connect/node_modules/formidable/package.json
261 verbose read json /usr/local/lib/node_modules/grunt/node_modules/connect/node_modules/bytes/package.json
262 verbose read json /usr/local/lib/node_modules/grunt/node_modules/connect/node_modules/qs/package.json
263 verbose read json /usr/local/lib/node_modules/grunt/node_modules/connect/node_modules/send/package.json
264 verbose read json /usr/local/lib/node_modules/grunt/node_modules/connect/node_modules/cookie/package.json
265 verbose read json /usr/local/lib/node_modules/grunt/node_modules/connect/node_modules/crc/package.json
266 verbose read json /usr/local/lib/node_modules/grunt/node_modules/glob-whatev/node_modules/minimatch/package.json
267 verbose read json /usr/local/lib/node_modules/grunt/node_modules/jshint/node_modules/argsparser/package.json
268 verbose read json /usr/local/lib/node_modules/grunt/node_modules/jshint/node_modules/minimatch/package.json
269 verbose read json /usr/local/lib/node_modules/grunt/node_modules/nopt/node_modules/abbrev/package.json
270 verbose read json /usr/local/lib/node_modules/grunt/node_modules/temporary/node_modules/package/package.json
271 verbose read json /usr/local/lib/node_modules/grunt/node_modules/gzip-js/node_modules/.bin/package.json
272 verbose read json /usr/local/lib/node_modules/grunt/node_modules/gzip-js/node_modules/crc32/package.json
273 verbose read json /usr/local/lib/node_modules/grunt/node_modules/gzip-js/node_modules/deflate-js/package.json
274 verbose read json /usr/local/lib/node_modules/grunt/node_modules/nodeunit/node_modules/tap-assert/package.json
275 verbose read json /usr/local/lib/node_modules/grunt/node_modules/nodeunit/node_modules/tap-producer/package.json
276 verbose read json /usr/local/lib/node_modules/xjst/node_modules/coa/node_modules/q/package.json
277 verbose read json /usr/local/lib/node_modules/grunt/node_modules/prompt/node_modules/winston/package.json
278 verbose read json /usr/local/lib/node_modules/grunt/node_modules/prompt/node_modules/pkginfo/package.json
279 verbose read json /usr/local/lib/node_modules/xjst/node_modules/q/node_modules/event-queue/package.json
280 warn package.json connect@2.3.9 No README.md file found!
281 verbose from cache /usr/local/lib/node_modules/npm/node_modules/fstream-npm/node_modules/fstream-ignore/package.json
282 verbose read json /usr/local/lib/node_modules/npm/node_modules/fstream-npm/node_modules/inherits/package.json
283 verbose read json /usr/local/lib/node_modules/npm/node_modules/npm-registry-client/node_modules/request/package.json
284 verbose read json /usr/local/lib/node_modules/npm/node_modules/npm-registry-client/node_modules/graceful-fs/package.json
285 verbose read json /usr/local/lib/node_modules/npm/node_modules/npm-registry-client/node_modules/semver/package.json
286 verbose read json /usr/local/lib/node_modules/npm/node_modules/npm-registry-client/node_modules/slide/package.json
287 verbose read json /usr/local/lib/node_modules/npm/node_modules/npm-registry-client/node_modules/chownr/package.json
288 verbose read json /usr/local/lib/node_modules/npm/node_modules/npm-registry-client/node_modules/mkdirp/package.json
289 verbose read json /usr/local/lib/node_modules/npm/node_modules/npm-registry-client/node_modules/rimraf/package.json
290 verbose read json /usr/local/lib/node_modules/npm/node_modules/npm-registry-client/node_modules/retry/package.json
291 verbose from cache /usr/local/lib/node_modules/npm/node_modules/npm-registry-client/node_modules/couch-login/package.json
292 verbose read json /usr/local/lib/node_modules/npm/node_modules/npm-registry-client/node_modules/npmlog/package.json
293 verbose from cache /usr/local/lib/node_modules/npm/node_modules/npmconf/node_modules/config-chain/package.json
294 verbose read json /usr/local/lib/node_modules/npm/node_modules/npmconf/node_modules/inherits/package.json
295 verbose read json /usr/local/lib/node_modules/npm/node_modules/npmconf/node_modules/once/package.json
296 verbose read json /usr/local/lib/node_modules/npm/node_modules/npmconf/node_modules/mkdirp/package.json
297 verbose read json /usr/local/lib/node_modules/npm/node_modules/npmconf/node_modules/osenv/package.json
298 verbose read json /usr/local/lib/node_modules/npm/node_modules/npmconf/node_modules/nopt/package.json
299 verbose read json /usr/local/lib/node_modules/npm/node_modules/npmconf/node_modules/config-chain/node_modules/proto-list/package.json
300 verbose from cache /usr/local/lib/node_modules/npm/node_modules/read/node_modules/mute-stream/package.json
301 verbose from cache /usr/local/lib/node_modules/npm/node_modules/init-package-json/node_modules/promzard/package.json
302 verbose read json /usr/local/lib/node_modules/npm/node_modules/init-package-json/node_modules/read/package.json
303 verbose read json /usr/local/lib/node_modules/npm/node_modules/init-package-json/node_modules/read-package-json/package.json
304 verbose read json /usr/local/lib/node_modules/npm/node_modules/init-package-json/node_modules/semver/package.json
305 verbose read json /usr/local/lib/node_modules/npm/node_modules/fstream-npm/node_modules/fstream-ignore/node_modules/minimatch/package.json
306 verbose read json /usr/local/lib/node_modules/npm/node_modules/fstream-npm/node_modules/fstream-ignore/node_modules/fstream/package.json
307 verbose read json /usr/local/lib/node_modules/npm/node_modules/fstream-npm/node_modules/fstream-ignore/node_modules/inherits/package.json
308 verbose read json /usr/local/lib/node_modules/npm/node_modules/npm-registry-client/node_modules/couch-login/node_modules/request/package.json
309 verbose read json /usr/local/lib/node_modules/npm/node_modules/init-package-json/node_modules/promzard/node_modules/read/package.json
310 verbose read json /usr/local/lib/node_modules/bem/node_modules/borschik/node_modules/coa/package.json
311 verbose read json /usr/local/lib/node_modules/bem/node_modules/borschik/node_modules/inherit/package.json
312 verbose from cache /usr/local/lib/node_modules/bem/node_modules/borschik/node_modules/cssp/package.json
313 verbose from cache /usr/local/lib/node_modules/grunt-compass/node_modules/grunt/node_modules/async/package.json
314 verbose from cache /usr/local/lib/node_modules/grunt-compass/node_modules/grunt/node_modules/colors/package.json
315 verbose from cache /usr/local/lib/node_modules/grunt-compass/node_modules/grunt/node_modules/connect/package.json
316 verbose from cache /usr/local/lib/node_modules/grunt-compass/node_modules/grunt/node_modules/dateformat/package.json
317 verbose from cache /usr/local/lib/node_modules/grunt-compass/node_modules/grunt/node_modules/glob-whatev/package.json
318 verbose from cache /usr/local/lib/node_modules/grunt-compass/node_modules/grunt/node_modules/hooker/package.json
319 verbose from cache /usr/local/lib/node_modules/grunt-compass/node_modules/grunt/node_modules/jshint/package.json
320 verbose from cache /usr/local/lib/node_modules/grunt-compass/node_modules/grunt/node_modules/nodeunit/package.json
321 verbose from cache /usr/local/lib/node_modules/grunt-compass/node_modules/grunt/node_modules/nopt/package.json
322 verbose from cache /usr/local/lib/node_modules/grunt-compass/node_modules/grunt/node_modules/prompt/package.json
323 verbose from cache /usr/local/lib/node_modules/grunt-compass/node_modules/grunt/node_modules/semver/package.json
324 verbose from cache /usr/local/lib/node_modules/grunt-compass/node_modules/grunt/node_modules/uglify-js/package.json
325 verbose from cache /usr/local/lib/node_modules/grunt-compass/node_modules/grunt/node_modules/underscore/package.json
326 verbose from cache /usr/local/lib/node_modules/grunt-compass/node_modules/grunt/node_modules/underscore.string/package.json
327 verbose from cache /usr/local/lib/node_modules/grunt-compass/node_modules/grunt/node_modules/temporary/package.json
328 verbose from cache /usr/local/lib/node_modules/grunt-compass/node_modules/grunt/node_modules/gzip-js/package.json
329 verbose from cache /usr/local/lib/node_modules/npm/node_modules/npmconf/node_modules/config-chain/node_modules/proto-list/package.json
330 verbose read json /usr/local/lib/node_modules/npm/node_modules/npmconf/node_modules/config-chain/node_modules/ini/package.json
331 verbose from cache /usr/local/lib/node_modules/bem/node_modules/q/node_modules/event-queue/package.json
332 verbose read json /usr/local/lib/node_modules/grunt-compass/node_modules/grunt/node_modules/connect/node_modules/debug/package.json
333 verbose read json /usr/local/lib/node_modules/grunt-compass/node_modules/grunt/node_modules/connect/node_modules/formidable/package.json
334 verbose read json /usr/local/lib/node_modules/grunt-compass/node_modules/grunt/node_modules/connect/node_modules/bytes/package.json
335 verbose read json /usr/local/lib/node_modules/grunt-compass/node_modules/grunt/node_modules/connect/node_modules/qs/package.json
336 verbose read json /usr/local/lib/node_modules/grunt-compass/node_modules/grunt/node_modules/connect/node_modules/send/package.json
337 verbose read json /usr/local/lib/node_modules/grunt-compass/node_modules/grunt/node_modules/connect/node_modules/cookie/package.json
338 verbose read json /usr/local/lib/node_modules/grunt-compass/node_modules/grunt/node_modules/connect/node_modules/crc/package.json
339 verbose read json /usr/local/lib/node_modules/grunt-compass/node_modules/grunt/node_modules/connect/node_modules/fresh/package.json
340 verbose read json /usr/local/lib/node_modules/bem/node_modules/borschik/node_modules/cssp/node_modules/.bin/package.json
341 verbose read json /usr/local/lib/node_modules/bem/node_modules/borschik/node_modules/cssp/node_modules/ometajs/package.json
342 verbose read json /usr/local/lib/node_modules/grunt-compass/node_modules/grunt/node_modules/glob-whatev/node_modules/minimatch/package.json
343 verbose read json /usr/local/lib/node_modules/grunt-compass/node_modules/grunt/node_modules/prompt/node_modules/winston/package.json
344 verbose read json /usr/local/lib/node_modules/grunt-compass/node_modules/grunt/node_modules/prompt/node_modules/pkginfo/package.json
345 verbose read json /usr/local/lib/node_modules/grunt-compass/node_modules/grunt/node_modules/jshint/node_modules/argsparser/package.json
346 verbose read json /usr/local/lib/node_modules/grunt-compass/node_modules/grunt/node_modules/jshint/node_modules/minimatch/package.json
347 verbose read json /usr/local/lib/node_modules/grunt-compass/node_modules/grunt/node_modules/nodeunit/node_modules/tap-assert/package.json
348 verbose read json /usr/local/lib/node_modules/grunt-compass/node_modules/grunt/node_modules/nodeunit/node_modules/tap-producer/package.json
349 verbose from cache /usr/local/lib/node_modules/npm/node_modules/node-gyp/node_modules/glob/package.json
350 verbose read json /usr/local/lib/node_modules/npm/node_modules/node-gyp/node_modules/graceful-fs/package.json
351 verbose read json /usr/local/lib/node_modules/npm/node_modules/node-gyp/node_modules/fstream/package.json
352 verbose read json /usr/local/lib/node_modules/npm/node_modules/node-gyp/node_modules/minimatch/package.json
353 verbose read json /usr/local/lib/node_modules/npm/node_modules/node-gyp/node_modules/mkdirp/package.json
354 verbose read json /usr/local/lib/node_modules/npm/node_modules/node-gyp/node_modules/nopt/package.json
355 verbose read json /usr/local/lib/node_modules/npm/node_modules/node-gyp/node_modules/npmlog/package.json
356 verbose read json /usr/local/lib/node_modules/npm/node_modules/node-gyp/node_modules/osenv/package.json
357 verbose read json /usr/local/lib/node_modules/npm/node_modules/node-gyp/node_modules/request/package.json
358 verbose read json /usr/local/lib/node_modules/npm/node_modules/node-gyp/node_modules/rimraf/package.json
359 verbose read json /usr/local/lib/node_modules/npm/node_modules/node-gyp/node_modules/semver/package.json
360 verbose read json /usr/local/lib/node_modules/npm/node_modules/node-gyp/node_modules/tar/package.json
361 verbose read json /usr/local/lib/node_modules/npm/node_modules/node-gyp/node_modules/which/package.json
362 verbose from cache /usr/local/lib/node_modules/handlebars/node_modules/optimist/node_modules/wordwrap/package.json
363 verbose from cache /usr/local/lib/node_modules/ometajs/node_modules/q/node_modules/event-queue/package.json
364 verbose from cache /usr/local/lib/node_modules/grunt/node_modules/connect/node_modules/qs/package.json
365 verbose from cache /usr/local/lib/node_modules/grunt/node_modules/connect/node_modules/formidable/package.json
366 verbose from cache /usr/local/lib/node_modules/grunt/node_modules/connect/node_modules/crc/package.json
367 verbose from cache /usr/local/lib/node_modules/grunt/node_modules/connect/node_modules/cookie/package.json
368 verbose from cache /usr/local/lib/node_modules/grunt/node_modules/connect/node_modules/bytes/package.json
369 verbose from cache /usr/local/lib/node_modules/grunt/node_modules/connect/node_modules/send/package.json
370 verbose from cache /usr/local/lib/node_modules/grunt/node_modules/connect/node_modules/debug/package.json
371 verbose from cache /usr/local/lib/node_modules/grunt/node_modules/glob-whatev/node_modules/minimatch/package.json
372 verbose from cache /usr/local/lib/node_modules/grunt/node_modules/jshint/node_modules/argsparser/package.json
373 verbose from cache /usr/local/lib/node_modules/grunt/node_modules/jshint/node_modules/minimatch/package.json
374 verbose from cache /usr/local/lib/node_modules/grunt/node_modules/nopt/node_modules/abbrev/package.json
375 verbose read json /usr/local/lib/node_modules/grunt-compass/node_modules/grunt/node_modules/gzip-js/node_modules/.bin/package.json
376 verbose read json /usr/local/lib/node_modules/grunt-compass/node_modules/grunt/node_modules/gzip-js/node_modules/crc32/package.json
377 verbose read json /usr/local/lib/node_modules/grunt-compass/node_modules/grunt/node_modules/gzip-js/node_modules/deflate-js/package.json
378 verbose read json /usr/local/lib/node_modules/grunt-compass/node_modules/grunt/node_modules/nopt/node_modules/abbrev/package.json
379 verbose from cache /usr/local/lib/node_modules/grunt/node_modules/temporary/node_modules/package/package.json
380 verbose read json /usr/local/lib/node_modules/grunt-compass/node_modules/grunt/node_modules/temporary/node_modules/package/package.json
381 verbose from cache /usr/local/lib/node_modules/grunt/node_modules/gzip-js/node_modules/crc32/package.json
382 verbose from cache /usr/local/lib/node_modules/grunt/node_modules/gzip-js/node_modules/deflate-js/package.json
383 verbose read json /usr/local/lib/node_modules/npm/node_modules/node-gyp/node_modules/glob/node_modules/minimatch/package.json
384 verbose read json /usr/local/lib/node_modules/grunt/node_modules/connect/node_modules/send/node_modules/range-parser/package.json
385 verbose read json /usr/local/lib/node_modules/grunt/node_modules/connect/node_modules/send/node_modules/mime/package.json
386 verbose read json /usr/local/lib/node_modules/grunt/node_modules/connect/node_modules/send/node_modules/fresh/package.json
387 verbose read json /usr/local/lib/node_modules/grunt/node_modules/glob-whatev/node_modules/minimatch/node_modules/lru-cache/package.json
388 verbose read json /usr/local/lib/node_modules/grunt/node_modules/jshint/node_modules/minimatch/node_modules/lru-cache/package.json
389 verbose from cache /usr/local/lib/node_modules/grunt/node_modules/nodeunit/node_modules/tap-assert/package.json
390 verbose from cache /usr/local/lib/node_modules/grunt/node_modules/nodeunit/node_modules/tap-producer/package.json
391 verbose read json /usr/local/lib/node_modules/grunt/node_modules/prompt/node_modules/async/package.json
392 verbose read json /usr/local/lib/node_modules/grunt/node_modules/prompt/node_modules/colors/package.json
393 verbose from cache /usr/local/lib/node_modules/grunt/node_modules/prompt/node_modules/pkginfo/package.json
394 verbose from cache /usr/local/lib/node_modules/grunt/node_modules/prompt/node_modules/winston/package.json
395 verbose from cache /usr/local/lib/node_modules/xjst/node_modules/q/node_modules/event-queue/package.json
396 verbose read json /usr/local/lib/node_modules/grunt/node_modules/nodeunit/node_modules/tap-producer/node_modules/tap-results/package.json
397 verbose read json /usr/local/lib/node_modules/grunt/node_modules/nodeunit/node_modules/tap-producer/node_modules/inherits/package.json
398 verbose read json /usr/local/lib/node_modules/grunt/node_modules/nodeunit/node_modules/tap-producer/node_modules/yamlish/package.json
399 verbose read json /usr/local/lib/node_modules/grunt/node_modules/prompt/node_modules/winston/node_modules/eyes/package.json
400 verbose read json /usr/local/lib/node_modules/grunt/node_modules/prompt/node_modules/winston/node_modules/stack-trace/package.json
401 verbose read json /usr/local/lib/node_modules/grunt/node_modules/prompt/node_modules/winston/node_modules/loggly/package.json
402 verbose from cache /usr/local/lib/node_modules/grunt-compass/node_modules/grunt/node_modules/connect/node_modules/qs/package.json
403 verbose from cache /usr/local/lib/node_modules/grunt-compass/node_modules/grunt/node_modules/connect/node_modules/formidable/package.json
404 verbose from cache /usr/local/lib/node_modules/grunt-compass/node_modules/grunt/node_modules/connect/node_modules/crc/package.json
405 verbose from cache /usr/local/lib/node_modules/grunt-compass/node_modules/grunt/node_modules/connect/node_modules/cookie/package.json
406 verbose from cache /usr/local/lib/node_modules/grunt-compass/node_modules/grunt/node_modules/connect/node_modules/bytes/package.json
407 verbose from cache /usr/local/lib/node_modules/grunt-compass/node_modules/grunt/node_modules/connect/node_modules/send/package.json
408 verbose from cache /usr/local/lib/node_modules/grunt-compass/node_modules/grunt/node_modules/connect/node_modules/fresh/package.json
409 verbose from cache /usr/local/lib/node_modules/grunt-compass/node_modules/grunt/node_modules/connect/node_modules/debug/package.json
410 verbose from cache /usr/local/lib/node_modules/grunt-compass/node_modules/grunt/node_modules/glob-whatev/node_modules/minimatch/package.json
411 verbose read json /usr/local/lib/node_modules/grunt-compass/node_modules/grunt/node_modules/prompt/node_modules/async/package.json
412 verbose read json /usr/local/lib/node_modules/grunt-compass/node_modules/grunt/node_modules/prompt/node_modules/colors/package.json
413 verbose from cache /usr/local/lib/node_modules/grunt-compass/node_modules/grunt/node_modules/prompt/node_modules/pkginfo/package.json
414 verbose from cache /usr/local/lib/node_modules/grunt-compass/node_modules/grunt/node_modules/prompt/node_modules/winston/package.json
415 verbose from cache /usr/local/lib/node_modules/grunt-compass/node_modules/grunt/node_modules/jshint/node_modules/argsparser/package.json
416 verbose from cache /usr/local/lib/node_modules/grunt-compass/node_modules/grunt/node_modules/jshint/node_modules/minimatch/package.json
417 verbose from cache /usr/local/lib/node_modules/bem/node_modules/borschik/node_modules/cssp/node_modules/ometajs/package.json
418 verbose from cache /usr/local/lib/node_modules/grunt-compass/node_modules/grunt/node_modules/nodeunit/node_modules/tap-assert/package.json
419 verbose from cache /usr/local/lib/node_modules/grunt-compass/node_modules/grunt/node_modules/nodeunit/node_modules/tap-producer/package.json
420 verbose read json /usr/local/lib/node_modules/grunt-compass/node_modules/grunt/node_modules/prompt/node_modules/winston/node_modules/eyes/package.json
421 verbose read json /usr/local/lib/node_modules/grunt-compass/node_modules/grunt/node_modules/prompt/node_modules/winston/node_modules/stack-trace/package.json
422 verbose read json /usr/local/lib/node_modules/grunt-compass/node_modules/grunt/node_modules/prompt/node_modules/winston/node_modules/loggly/package.json
423 verbose from cache /usr/local/lib/node_modules/grunt-compass/node_modules/grunt/node_modules/gzip-js/node_modules/crc32/package.json
424 verbose from cache /usr/local/lib/node_modules/grunt-compass/node_modules/grunt/node_modules/gzip-js/node_modules/deflate-js/package.json
425 verbose from cache /usr/local/lib/node_modules/grunt-compass/node_modules/grunt/node_modules/nopt/node_modules/abbrev/package.json
426 verbose from cache /usr/local/lib/node_modules/grunt-compass/node_modules/grunt/node_modules/temporary/node_modules/package/package.json
427 verbose read json /usr/local/lib/node_modules/grunt-compass/node_modules/grunt/node_modules/connect/node_modules/send/node_modules/range-parser/package.json
428 verbose read json /usr/local/lib/node_modules/grunt-compass/node_modules/grunt/node_modules/connect/node_modules/send/node_modules/mime/package.json
429 verbose read json /usr/local/lib/node_modules/grunt-compass/node_modules/grunt/node_modules/glob-whatev/node_modules/minimatch/node_modules/lru-cache/package.json
430 verbose from cache /usr/local/lib/node_modules/npm/node_modules/node-gyp/node_modules/glob/node_modules/minimatch/package.json
431 verbose read json /usr/local/lib/node_modules/npm/node_modules/node-gyp/node_modules/glob/node_modules/graceful-fs/package.json
432 verbose read json /usr/local/lib/node_modules/npm/node_modules/node-gyp/node_modules/glob/node_modules/inherits/package.json
433 verbose read json /usr/local/lib/node_modules/grunt-compass/node_modules/grunt/node_modules/jshint/node_modules/minimatch/node_modules/lru-cache/package.json
434 verbose read json /usr/local/lib/node_modules/bem/node_modules/borschik/node_modules/cssp/node_modules/ometajs/node_modules/uglify-js/package.json
435 verbose read json /usr/local/lib/node_modules/bem/node_modules/borschik/node_modules/cssp/node_modules/ometajs/node_modules/.bin/package.json
436 verbose read json /usr/local/lib/node_modules/grunt-compass/node_modules/grunt/node_modules/nodeunit/node_modules/tap-producer/node_modules/tap-results/package.json
437 verbose read json /usr/local/lib/node_modules/grunt-compass/node_modules/grunt/node_modules/nodeunit/node_modules/tap-producer/node_modules/inherits/package.json
438 verbose read json /usr/local/lib/node_modules/grunt-compass/node_modules/grunt/node_modules/nodeunit/node_modules/tap-producer/node_modules/yamlish/package.json
439 verbose read json /usr/local/lib/node_modules/npm/node_modules/node-gyp/node_modules/glob/node_modules/minimatch/node_modules/lru-cache/package.json
440 http 304 https://registry.npmjs.org/yeoman
441 silly registry.get cb [ 304,
441 silly registry.get   { server: 'CouchDB/1.2.0 (Erlang OTP/R15B)',
441 silly registry.get     etag: '"2V3KNVESJEHKZNYAR1EG6GCC3"',
441 silly registry.get     date: 'Tue, 25 Dec 2012 12:37:38 GMT',
441 silly registry.get     'content-length': '0' } ]
442 verbose etag yeoman from cache
443 verbose read json /usr/local/lib/node_modules/grunt/node_modules/connect/node_modules/send/node_modules/debug/package.json
444 verbose from cache /usr/local/lib/node_modules/grunt/node_modules/connect/node_modules/send/node_modules/mime/package.json
445 verbose from cache /usr/local/lib/node_modules/grunt/node_modules/connect/node_modules/send/node_modules/fresh/package.json
446 verbose from cache /usr/local/lib/node_modules/grunt/node_modules/connect/node_modules/send/node_modules/range-parser/package.json
447 verbose from cache /usr/local/lib/node_modules/grunt/node_modules/jshint/node_modules/minimatch/node_modules/lru-cache/package.json
448 verbose from cache /usr/local/lib/node_modules/grunt/node_modules/glob-whatev/node_modules/minimatch/node_modules/lru-cache/package.json
449 verbose from cache /usr/local/lib/node_modules/grunt/node_modules/nodeunit/node_modules/tap-producer/node_modules/inherits/package.json
450 verbose from cache /usr/local/lib/node_modules/grunt/node_modules/nodeunit/node_modules/tap-producer/node_modules/tap-results/package.json
451 verbose from cache /usr/local/lib/node_modules/grunt/node_modules/nodeunit/node_modules/tap-producer/node_modules/yamlish/package.json
452 verbose read json /usr/local/lib/node_modules/grunt/node_modules/prompt/node_modules/winston/node_modules/async/package.json
453 verbose read json /usr/local/lib/node_modules/grunt/node_modules/prompt/node_modules/winston/node_modules/colors/package.json
454 verbose from cache /usr/local/lib/node_modules/grunt/node_modules/prompt/node_modules/winston/node_modules/eyes/package.json
455 verbose from cache /usr/local/lib/node_modules/grunt/node_modules/prompt/node_modules/winston/node_modules/loggly/package.json
456 verbose read json /usr/local/lib/node_modules/grunt/node_modules/prompt/node_modules/winston/node_modules/pkginfo/package.json
457 verbose from cache /usr/local/lib/node_modules/grunt/node_modules/prompt/node_modules/winston/node_modules/stack-trace/package.json
458 verbose read json /usr/local/lib/node_modules/grunt/node_modules/nodeunit/node_modules/tap-producer/node_modules/tap-results/node_modules/inherits/package.json
459 verbose read json /usr/local/lib/node_modules/grunt/node_modules/prompt/node_modules/winston/node_modules/loggly/node_modules/timespan/package.json
460 verbose read json /usr/local/lib/node_modules/grunt/node_modules/prompt/node_modules/winston/node_modules/loggly/node_modules/request/package.json
461 verbose read json /usr/local/lib/node_modules/grunt-compass/node_modules/grunt/node_modules/prompt/node_modules/winston/node_modules/async/package.json
462 verbose read json /usr/local/lib/node_modules/grunt-compass/node_modules/grunt/node_modules/prompt/node_modules/winston/node_modules/colors/package.json
463 verbose from cache /usr/local/lib/node_modules/grunt-compass/node_modules/grunt/node_modules/prompt/node_modules/winston/node_modules/eyes/package.json
464 verbose from cache /usr/local/lib/node_modules/grunt-compass/node_modules/grunt/node_modules/prompt/node_modules/winston/node_modules/loggly/package.json
465 verbose read json /usr/local/lib/node_modules/grunt-compass/node_modules/grunt/node_modules/prompt/node_modules/winston/node_modules/pkginfo/package.json
466 verbose from cache /usr/local/lib/node_modules/grunt-compass/node_modules/grunt/node_modules/prompt/node_modules/winston/node_modules/stack-trace/package.json
467 verbose from cache /usr/local/lib/node_modules/grunt-compass/node_modules/grunt/node_modules/jshint/node_modules/minimatch/node_modules/lru-cache/package.json
468 verbose read json /usr/local/lib/node_modules/grunt-compass/node_modules/grunt/node_modules/connect/node_modules/send/node_modules/debug/package.json
469 verbose from cache /usr/local/lib/node_modules/grunt-compass/node_modules/grunt/node_modules/connect/node_modules/send/node_modules/mime/package.json
470 verbose read json /usr/local/lib/node_modules/grunt-compass/node_modules/grunt/node_modules/connect/node_modules/send/node_modules/fresh/package.json
471 verbose from cache /usr/local/lib/node_modules/grunt-compass/node_modules/grunt/node_modules/connect/node_modules/send/node_modules/range-parser/package.json
472 verbose read json /usr/local/lib/node_modules/bem/node_modules/borschik/node_modules/cssp/node_modules/ometajs/node_modules/coa/package.json
473 verbose read json /usr/local/lib/node_modules/bem/node_modules/borschik/node_modules/cssp/node_modules/ometajs/node_modules/q/package.json
474 verbose from cache /usr/local/lib/node_modules/bem/node_modules/borschik/node_modules/cssp/node_modules/ometajs/node_modules/uglify-js/package.json
475 verbose from cache /usr/local/lib/node_modules/grunt-compass/node_modules/grunt/node_modules/glob-whatev/node_modules/minimatch/node_modules/lru-cache/package.json
476 verbose read json /usr/local/lib/node_modules/grunt-compass/node_modules/grunt/node_modules/prompt/node_modules/winston/node_modules/loggly/node_modules/timespan/package.json
477 verbose read json /usr/local/lib/node_modules/grunt-compass/node_modules/grunt/node_modules/prompt/node_modules/winston/node_modules/loggly/node_modules/request/package.json
478 verbose from cache /usr/local/lib/node_modules/grunt-compass/node_modules/grunt/node_modules/nodeunit/node_modules/tap-producer/node_modules/inherits/package.json
479 verbose from cache /usr/local/lib/node_modules/grunt-compass/node_modules/grunt/node_modules/nodeunit/node_modules/tap-producer/node_modules/tap-results/package.json
480 verbose from cache /usr/local/lib/node_modules/grunt-compass/node_modules/grunt/node_modules/nodeunit/node_modules/tap-producer/node_modules/yamlish/package.json
481 silly addNameRange number 2 { name: 'yeoman', range: '', hasData: true }
482 silly addNameRange versions [ 'yeoman',
482 silly addNameRange   [ '0.0.1',
482 silly addNameRange     '0.7.0',
482 silly addNameRange     '0.7.1',
482 silly addNameRange     '0.7.2',
482 silly addNameRange     '0.7.3',
482 silly addNameRange     '0.9.0',
482 silly addNameRange     '0.9.1',
482 silly addNameRange     '0.9.2',
482 silly addNameRange     '0.9.3',
482 silly addNameRange     '0.9.4',
482 silly addNameRange     '0.9.5',
482 silly addNameRange     '0.9.6' ] ]
483 verbose addNamed [ 'yeoman', '0.9.6' ]
484 verbose addNamed [ '0.9.6', '0.9.6' ]
485 silly lockFile 72540a0c-yeoman-0-9-6 yeoman@0.9.6
486 verbose lock yeoman@0.9.6 /home/beam/.npm/72540a0c-yeoman-0-9-6.lock
487 verbose read json /usr/local/lib/node_modules/grunt-compass/node_modules/grunt/node_modules/nodeunit/node_modules/tap-producer/node_modules/tap-results/node_modules/inherits/package.json
488 verbose read json /home/beam/.npm/yeoman/0.9.6/package/package.json
489 verbose from cache /usr/local/lib/node_modules/grunt/node_modules/prompt/node_modules/winston/node_modules/loggly/node_modules/request/package.json
490 verbose from cache /usr/local/lib/node_modules/grunt/node_modules/prompt/node_modules/winston/node_modules/loggly/node_modules/timespan/package.json
491 verbose from cache /usr/local/lib/node_modules/grunt-compass/node_modules/grunt/node_modules/prompt/node_modules/winston/node_modules/loggly/node_modules/request/package.json
492 verbose from cache /usr/local/lib/node_modules/grunt-compass/node_modules/grunt/node_modules/prompt/node_modules/winston/node_modules/loggly/node_modules/timespan/package.json
493 silly lockFile 72540a0c-yeoman-0-9-6 yeoman@0.9.6
494 silly lockFile fd94f358-yeoman yeoman@*
495 info outdated updating [ [ '/usr/local/lib', 'yeoman', '0.9.5', '0.9.6' ] ]
496 verbose install where,what [ '/usr/local/lib', [ 'yeoman@0.9.6' ] ]
497 verbose read json /usr/local/lib/package.json
498 verbose read json /usr/local/lib/package.json
499 verbose cache add [ 'yeoman@0.9.6', null ]
500 silly cache add name=undefined spec="yeoman@0.9.6" args=["yeoman@0.9.6",null]
501 verbose parsed url { pathname: 'yeoman@0.9.6',
501 verbose parsed url   path: 'yeoman@0.9.6',
501 verbose parsed url   href: 'yeoman@0.9.6' }
502 silly cache add name="yeoman" spec="0.9.6" args=["yeoman","0.9.6"]
503 verbose parsed url { pathname: '0.9.6', path: '0.9.6', href: '0.9.6' }
504 verbose addNamed [ 'yeoman', '0.9.6' ]
505 verbose addNamed [ '0.9.6', '0.9.6' ]
506 silly lockFile 72540a0c-yeoman-0-9-6 yeoman@0.9.6
507 verbose lock yeoman@0.9.6 /home/beam/.npm/72540a0c-yeoman-0-9-6.lock
508 verbose url raw yeoman/0.9.6
509 verbose url resolving [ 'https://registry.npmjs.org/', './yeoman/0.9.6' ]
510 verbose url resolved https://registry.npmjs.org/yeoman/0.9.6
511 info trying registry request attempt 1 at 16:38:43
512 verbose etag "2V3KNVESJEHKZNYAR1EG6GCC3"
513 http GET https://registry.npmjs.org/yeoman/0.9.6
514 http 304 https://registry.npmjs.org/yeoman/0.9.6
515 silly registry.get cb [ 304,
515 silly registry.get   { server: 'CouchDB/1.2.0 (Erlang OTP/R15B)',
515 silly registry.get     etag: '"2V3KNVESJEHKZNYAR1EG6GCC3"',
515 silly registry.get     date: 'Tue, 25 Dec 2012 12:37:40 GMT',
515 silly registry.get     'content-length': '0' } ]
516 verbose etag yeoman/0.9.6 from cache
517 verbose from cache /home/beam/.npm/yeoman/0.9.6/package/package.json
518 silly lockFile 72540a0c-yeoman-0-9-6 yeoman@0.9.6
519 silly resolved [ { name: 'yeoman',
519 silly resolved     version: '0.9.6',
519 silly resolved     description: 'The Yeoman CLI presents a command line interface for creating, building, maintaining, and shipping a project.',
519 silly resolved     keywords:
519 silly resolved      [ 'front-end',
519 silly resolved        'development',
519 silly resolved        'dev',
519 silly resolved        'build',
519 silly resolved        'web',
519 silly resolved        'tool',
519 silly resolved        'cli',
519 silly resolved        'scaffold',
519 silly resolved        'stack' ],
519 silly resolved     homepage: 'http://yeoman.io',
519 silly resolved     bugs: 'https://github.com/yeoman/yeoman/issues',
519 silly resolved     author: { name: 'Chrome Developer Relations' },
519 silly resolved     main: './yeoman',
519 silly resolved     bin:
519 silly resolved      { yeoman: './bin/yeoman',
519 silly resolved        _yeomaninsight: './bin/yeomaninsight.py' },
519 silly resolved     directories: { man: './man' },
519 silly resolved     repository: { type: 'git', url: 'git://github.com/yeoman/yeoman.git' },
519 silly resolved     scripts:
519 silly resolved      { test: 'node node_modules/mocha/bin/mocha test/test-*.js',
519 silly resolved        manpages: './scripts/docs-build' },
519 silly resolved     dependencies:
519 silly resolved      { grunt: 'http://github.com/cowboy/grunt/archive/0ba6d4b529.tar.gz',
519 silly resolved        'yeoman-generators': 'http://github.com/yeoman/generators/archive/0.9.5.tar.gz',
519 silly resolved        bower: '~0.3.0',
519 silly resolved        open: '0.0.2',
519 silly resolved        rimraf: '~2.0.1',
519 silly resolved        mkdirp: '~0.3.1',
519 silly resolved        requirejs: '~2.0.2',
519 silly resolved        'clean-css': '~0.3.2',
519 silly resolved        connect: '~2.2.1',
519 silly resolved        request: '~2.9.200',
519 silly resolved        'html-minifier': '~0.4.5',
519 silly resolved        which: '~1.0.5',
519 silly resolved        cheerio: '~0.9.2',
519 silly resolved        fstream: '~0.1.18',
519 silly resolved        'fstream-ignore': '0.0.5',
519 silly resolved        tar: '~0.1.13',
519 silly resolved        'coffee-script': '~1.3.3',
519 silly resolved        'grunt-jasmine-task': '~0.2.2',
519 silly resolved        'faye-websocket': '~0.4.2',
519 silly resolved        shelljs: '~0.0.6',
519 silly resolved        prompt: '~0.1.12',
519 silly resolved        colors: '~0.6.0',
519 silly resolved        'grunt-mocha': '~0.1.3',
519 silly resolved        'es6-collections': '>=0.2.0',
519 silly resolved        'grunt-contrib-coffee': '~0.3.1' },
519 silly resolved     devDependencies: { mocha: '~1.4.0', ronn: '~0.3.8' },
519 silly resolved     engines: { node: '>=0.8.0' },
519 silly resolved     man:
519 silly resolved      [ '/home/beam/.npm/yeoman/0.9.6/package/man/bower.1',
519 silly resolved        '/home/beam/.npm/yeoman/0.9.6/package/man/build.1',
519 silly resolved        '/home/beam/.npm/yeoman/0.9.6/package/man/faq.1',
519 silly resolved        '/home/beam/.npm/yeoman/0.9.6/package/man/folders.1',
519 silly resolved        '/home/beam/.npm/yeoman/0.9.6/package/man/gruntfile.1',
519 silly resolved        '/home/beam/.npm/yeoman/0.9.6/package/man/init.1',
519 silly resolved        '/home/beam/.npm/yeoman/0.9.6/package/man/insight.1',
519 silly resolved        '/home/beam/.npm/yeoman/0.9.6/package/man/serve.1',
519 silly resolved        '/home/beam/.npm/yeoman/0.9.6/package/man/server.1',
519 silly resolved        '/home/beam/.npm/yeoman/0.9.6/package/man/test.1',
519 silly resolved        '/home/beam/.npm/yeoman/0.9.6/package/man/yeoman.1' ],
519 silly resolved     readme: '# Yeoman CLI\n\nThe Yeoman CLI presents a command-line interface for creating, building, maintaining, and shipping a project.\n\nFor more information, see the project [readme](https://github.com/yeoman/yeoman#welcome-friend).\n',
519 silly resolved     readmeFilename: 'readme.md',
519 silly resolved     _id: 'yeoman@0.9.6',
519 silly resolved     _from: 'yeoman@0.9.6' } ]
520 info install yeoman@0.9.6 into /usr/local/lib
521 info installOne yeoman@0.9.6
522 verbose from cache /home/beam/.npm/yeoman/0.9.6/package/package.json
523 info /usr/local/lib/node_modules/yeoman unbuild
524 verbose from cache /usr/local/lib/node_modules/yeoman/package.json
525 info preuninstall yeoman@0.9.5
526 info uninstall yeoman@0.9.5
527 verbose true,/usr/local/lib/node_modules,/usr/local/lib/node_modules unbuild yeoman@0.9.5
528 verbose /usr/local/bin,[object Object] binRoot
529 info /usr/local/lib/node_modules/yeoman unbuild
530 verbose read json /usr/local/lib/node_modules/yeoman/package.json
531 info preuninstall yeoman@0.9.5
532 info uninstall yeoman@0.9.5
533 verbose true,/usr/local/lib/node_modules,/usr/local/lib/node_modules unbuild yeoman@0.9.5
534 verbose /usr/local/bin,[object Object] binRoot
535 error error rolling back Error: EACCES, unlink '/usr/local/bin/yeoman'
535 error error rolling back  yeoman@0.9.6 { [Error: EACCES, unlink '/usr/local/bin/yeoman'] errno: 3, code: 'EACCES', path: '/usr/local/bin/yeoman' }
536 error Error: EACCES, unlink '/usr/local/bin/yeoman'
536 error  { [Error: EACCES, unlink '/usr/local/bin/yeoman'] errno: 3, code: 'EACCES', path: '/usr/local/bin/yeoman' }
537 error Please try running this command again as root/Administrator.
538 error System Linux 3.5.0-21-generic
539 error command "/usr/local/bin/node" "/usr/local/bin/npm" "update" "-g" "yeoman"
540 error cwd /home/beam/projects/allodsteam/client
541 error node -v v0.8.15
542 error npm -v 1.1.66
543 error path /usr/local/bin/yeoman
544 error code EACCES
545 error errno 3
546 error stack Error: EACCES, unlink '/usr/local/bin/yeoman'
547 verbose exit [ 3, true ]
